\BOOKMARK [0][-]{section*.10}{Referencia de siglas y acr\363nimos}{}% 1
\BOOKMARK [0][-]{chapter*.11}{\315ndice de figuras}{}% 2
\BOOKMARK [0][-]{chapter*.15}{\315ndice de tablas}{}% 3
\BOOKMARK [0][-]{chapter.1}{Introducci\363n y objetivos}{}% 4
\BOOKMARK [1][-]{section.1.1}{Contexto}{chapter.1}% 5
\BOOKMARK [1][-]{section.1.2}{Motivaci\363n y objetivos}{chapter.1}% 6
\BOOKMARK [2][-]{subsection.1.2.1}{Alcance del proyecto}{section.1.2}% 7
\BOOKMARK [1][-]{section.1.3}{Bibliograf\355a relevante}{chapter.1}% 8
\BOOKMARK [1][-]{section.1.4}{Estructura de la memoria}{chapter.1}% 9
\BOOKMARK [0][-]{chapter.2}{Estudio del estado del arte}{}% 10
\BOOKMARK [1][-]{section.2.1}{Software Defined Networking}{chapter.2}% 11
\BOOKMARK [2][-]{subsection.2.1.1}{Historia y desarrollo}{section.2.1}% 12
\BOOKMARK [2][-]{subsection.2.1.2}{Definici\363n SDN}{section.2.1}% 13
\BOOKMARK [2][-]{subsection.2.1.3}{Grupos de trabajo SDN}{section.2.1}% 14
\BOOKMARK [1][-]{section.2.2}{OpenFlow}{chapter.2}% 15
\BOOKMARK [2][-]{subsection.2.2.1}{Historia y desarrollo}{section.2.2}% 16
\BOOKMARK [2][-]{subsection.2.2.2}{Alternativas. Redes programables.}{section.2.2}% 17
\BOOKMARK [2][-]{subsection.2.2.3}{Funcionamiento OpenFlow}{section.2.2}% 18
\BOOKMARK [1][-]{section.2.3}{Controladores SDN}{chapter.2}% 19
\BOOKMARK [2][-]{subsection.2.3.1}{Controladores comerciales.}{section.2.3}% 20
\BOOKMARK [2][-]{subsection.2.3.2}{Controladores de c\363digo abierto.}{section.2.3}% 21
\BOOKMARK [2][-]{subsection.2.3.3}{OpenDayLight}{section.2.3}% 22
\BOOKMARK [0][-]{chapter.3}{Planificaci\363n y costes}{}% 23
\BOOKMARK [1][-]{section.3.1}{Planificaci\363n temporal}{chapter.3}% 24
\BOOKMARK [1][-]{section.3.2}{Estimaci\363n de costes}{chapter.3}% 25
\BOOKMARK [2][-]{subsection.3.2.1}{Recursos Humanos}{section.3.2}% 26
\BOOKMARK [2][-]{subsection.3.2.2}{Recursos software}{section.3.2}% 27
\BOOKMARK [2][-]{subsection.3.2.3}{Recursos hardware}{section.3.2}% 28
\BOOKMARK [2][-]{subsection.3.2.4}{Presupuesto final}{section.3.2}% 29
\BOOKMARK [0][-]{chapter.4}{Dise\361o de la soluci\363n}{}% 30
\BOOKMARK [1][-]{section.4.1}{Introducci\363n}{chapter.4}% 31
\BOOKMARK [1][-]{section.4.2}{Clasificaci\363n de paquetes}{chapter.4}% 32
\BOOKMARK [2][-]{subsection.4.2.1}{Identificaci\363n de tr\341fico TCP y UDP}{section.4.2}% 33
\BOOKMARK [2][-]{subsection.4.2.2}{Identificaci\363n de v\355deo sobre RTP}{section.4.2}% 34
\BOOKMARK [2][-]{subsection.4.2.3}{Identificaci\363n de voz sobre RTP}{section.4.2}% 35
\BOOKMARK [2][-]{subsection.4.2.4}{ICMP}{section.4.2}% 36
\BOOKMARK [1][-]{section.4.3}{Protocolo de encaminamiento}{chapter.4}% 37
\BOOKMARK [2][-]{subsection.4.3.1}{Algoritmo de encaminamiento}{section.4.3}% 38
\BOOKMARK [2][-]{subsection.4.3.2}{Estimaci\363n de la matriz de costes}{section.4.3}% 39
\BOOKMARK [2][-]{subsection.4.3.3}{Descripci\363n de m\351tricas de coste}{section.4.3}% 40
\BOOKMARK [1][-]{section.4.4}{Estimaci\363n de estad\355sticas de red}{chapter.4}% 41
\BOOKMARK [2][-]{subsection.4.4.1}{Latencia y jitter}{section.4.4}% 42
\BOOKMARK [2][-]{subsection.4.4.2}{P\351rdidas de paquetes}{section.4.4}% 43
\BOOKMARK [2][-]{subsection.4.4.3}{Carga en los enlaces}{section.4.4}% 44
\BOOKMARK [1][-]{section.4.5}{Configuraci\363n de las rutas en los switches}{chapter.4}% 45
\BOOKMARK [1][-]{section.4.6}{Actualizaci\363n de topolog\355a}{chapter.4}% 46
\BOOKMARK [2][-]{subsection.4.6.1}{Detecci\363n de cambios en la topolog\355a}{section.4.6}% 47
\BOOKMARK [2][-]{subsection.4.6.2}{Actualizaci\363n de rutas}{section.4.6}% 48
\BOOKMARK [0][-]{chapter.5}{Entorno de desarrollo}{}% 49
\BOOKMARK [1][-]{section.5.1}{Entorno de ejecuci\363n}{chapter.5}% 50
\BOOKMARK [2][-]{subsection.5.1.1}{Comparativa}{section.5.1}% 51
\BOOKMARK [1][-]{section.5.2}{Mininet}{chapter.5}% 52
\BOOKMARK [2][-]{subsection.5.2.1}{Historia y desarrollo}{section.5.2}% 53
\BOOKMARK [2][-]{subsection.5.2.2}{Comparativa}{section.5.2}% 54
\BOOKMARK [2][-]{subsection.5.2.3}{Dise\361o de redes}{section.5.2}% 55
\BOOKMARK [1][-]{section.5.3}{OpenDayLight}{chapter.5}% 56
\BOOKMARK [2][-]{subsection.5.3.1}{Distribucciones y versiones}{section.5.3}% 57
\BOOKMARK [2][-]{subsection.5.3.2}{Desarrollo}{section.5.3}% 58
\BOOKMARK [1][-]{section.5.4}{Java}{chapter.5}% 59
\BOOKMARK [2][-]{subsection.5.4.1}{Maven}{section.5.4}% 60
\BOOKMARK [2][-]{subsection.5.4.2}{Atom}{section.5.4}% 61
\BOOKMARK [0][-]{chapter.6}{Implementaci\363n de la soluci\363n}{}% 62
\BOOKMARK [1][-]{section.6.1}{Configuraci\363n del entorno de red SDN sobre Mininet}{chapter.6}% 63
\BOOKMARK [1][-]{section.6.2}{Descripci\363n de los elementos de la red SDN implementada}{chapter.6}% 64
\BOOKMARK [2][-]{subsection.6.2.1}{Hosts}{section.6.2}% 65
\BOOKMARK [2][-]{subsection.6.2.2}{Controlador}{section.6.2}% 66
\BOOKMARK [2][-]{subsection.6.2.3}{Elementos intermedios. Switches OpenFlow}{section.6.2}% 67
\BOOKMARK [2][-]{subsection.6.2.4}{Red de interconexi\363n}{section.6.2}% 68
\BOOKMARK [2][-]{subsection.6.2.5}{Generaci\363n de escenarios en Mininet}{section.6.2}% 69
\BOOKMARK [1][-]{section.6.3}{OpenDayLight}{chapter.6}% 70
\BOOKMARK [1][-]{section.6.4}{Implementaci\363n en java}{chapter.6}% 71
\BOOKMARK [2][-]{subsection.6.4.1}{Desarrollo Bundle Maven para ODL}{section.6.4}% 72
\BOOKMARK [2][-]{subsection.6.4.2}{Obtenci\363n de las estad\355sticas de latencias}{section.6.4}% 73
\BOOKMARK [2][-]{subsection.6.4.3}{Implementaci\363n del algoritmo de Dijkstra}{section.6.4}% 74
\BOOKMARK [2][-]{subsection.6.4.4}{Clases auxiliares}{section.6.4}% 75
\BOOKMARK [0][-]{chapter.7}{Evaluaci\363n de la soluci\363n}{}% 76
\BOOKMARK [1][-]{section.7.1}{Evaluaci\363n de los m\363dulos de recolecci\363n de par\341metros de red}{chapter.7}% 77
\BOOKMARK [2][-]{subsection.7.1.1}{Descripci\363n del entorno experimental}{section.7.1}% 78
\BOOKMARK [2][-]{subsection.7.1.2}{Estad\355sticas de tr\341fico}{section.7.1}% 79
\BOOKMARK [2][-]{subsection.7.1.3}{Estimaci\363n de latencias}{section.7.1}% 80
\BOOKMARK [1][-]{section.7.2}{Ajuste experimental de los coeficientes i, i, i y i.}{chapter.7}% 81
\BOOKMARK [2][-]{subsection.7.2.1}{Requisitos de QoS para el tr\341fico considerado}{section.7.2}% 82
\BOOKMARK [1][-]{section.7.3}{Evaluaci\363n del algoritmo de encaminamiento}{chapter.7}% 83
\BOOKMARK [1][-]{section.7.4}{Evaluaci\363n sobre la soluci\363n completa}{chapter.7}% 84
\BOOKMARK [2][-]{subsection.7.4.1}{Descripci\363n del entorno experimental}{section.7.4}% 85
\BOOKMARK [2][-]{subsection.7.4.2}{Evaluaci\363n objetiva de la calidad de transmisi\363n}{section.7.4}% 86
\BOOKMARK [2][-]{subsection.7.4.3}{Evaluaci\363n subjetiva de la calidad de transmisi\363n}{section.7.4}% 87
\BOOKMARK [0][-]{chapter.8}{Conclusiones y l\355neas de trabajo futuras}{}% 88
\BOOKMARK [1][-]{section.8.1}{Conclusiones}{chapter.8}% 89
\BOOKMARK [2][-]{subsection.8.1.1}{Conclusiones sobre SDN y protocolo OpenFlow}{section.8.1}% 90
\BOOKMARK [2][-]{subsection.8.1.2}{Conclusiones sobre Mininet y OpenDayLight}{section.8.1}% 91
\BOOKMARK [2][-]{subsection.8.1.3}{Conclusiones sobre los resultados}{section.8.1}% 92
\BOOKMARK [1][-]{section.8.2}{L\355neas de trabajo futuras}{chapter.8}% 93
\BOOKMARK [2][-]{subsection.8.2.1}{L\355neas te\363ricas}{section.8.2}% 94
\BOOKMARK [2][-]{subsection.8.2.2}{L\355neas pr\341cticas}{section.8.2}% 95
\BOOKMARK [0][-]{appendix.Alph1}{Configuraci\363n del entorno de trabajo}{}% 96
\BOOKMARK [1][-]{section.Alph1.1}{Configuraci\363n Ubuntu}{appendix.Alph1}% 97
\BOOKMARK [1][-]{section.Alph1.2}{Configuraci\363n Mininet}{appendix.Alph1}% 98
\BOOKMARK [1][-]{section.Alph1.3}{Configuraci\363n controlador OpenDayLight}{appendix.Alph1}% 99
\BOOKMARK [1][-]{section.Alph1.4}{Problemas frecuentes}{appendix.Alph1}% 100
\BOOKMARK [0][-]{appendix.Alph2}{Dise\361o de topolog\355as y algoritmo de encaminamiento}{}% 101
\BOOKMARK [1][-]{section.Alph2.1}{Ejemplo algoritmo Dijkstra paso a paso.}{appendix.Alph2}% 102
\BOOKMARK [1][-]{section.Alph2.2}{Dise\361o de topolog\355as Python API}{appendix.Alph2}% 103
\BOOKMARK [2][-]{subsection.Alph2.2.1}{Topolog\355a b\341sica}{section.Alph2.2}% 104
\BOOKMARK [0][-]{appendix.Alph3}{C\363digo fuente de la aplicaci\363n desarrollada}{}% 105
\BOOKMARK [1][-]{section.Alph3.1}{pom.xml}{appendix.Alph3}% 106
\BOOKMARK [1][-]{section.Alph3.2}{Activator.java}{appendix.Alph3}% 107
\BOOKMARK [1][-]{section.Alph3.3}{PacketHandler.java}{appendix.Alph3}% 108
\BOOKMARK [2][-]{subsection.Alph3.3.1}{Implementaci\363n IListenDataPacket}{section.Alph3.3}% 109
\BOOKMARK [2][-]{subsection.Alph3.3.2}{updateTopology}{section.Alph3.3}% 110
\BOOKMARK [2][-]{subsection.Alph3.3.3}{Comprobaci\363n de latencias}{section.Alph3.3}% 111
\BOOKMARK [1][-]{section.Alph3.4}{Implementaci\363n manejador RTP V\355deo}{appendix.Alph3}% 112
\BOOKMARK [2][-]{subsection.Alph3.4.1}{Construcci\363n Transformer RTP V\355deo}{section.Alph3.4}% 113
\BOOKMARK [0][-]{section*.73}{Bibliograf\355a}{}% 114
